No 7 work start.
NO 7 work has page: 0 1 2 3 4 5 6 7 8 9.
No 8 work start.
NO 8 work has page: 10 11 12 13 14 15 16 17 18 19.
No 6 work start.
NO 6 work has page: 20 21 22 23 24 25 26 27 28 29.
No 9 work start.
NO 9 work has page: 30 31 32 33 34 35 36 37 38 39.
No 10 work start.
NO 10 work has page: 40 41 42 43 44 45 46 47 48 49.
No 11 work start.
NO 11 work has page: 50 51 52 53 54 55 56 57 58 59.
No 7 work finish.
No 1 work start.
NO 1 work has page: 0 1 2 3 4 5 6 7 8 9.
No 6 work finish.
No 2 work start.
NO 2 work has page: 20 21 22 23 24 25 26 27 28 29.
No 9 work finish.
No 3 work start.
NO 3 work has page: 30 31 32 33 34 35 36 37 38 39.
No 8 work finish.
No 4 work start.
NO 4 work has page: 10 11 12 13 14 15 16 17 18 19.
No 11 work finish.
No 10 work finish.
No 5 work start.
NO 5 work has page: 50 51 52 53 54 55 56 57 58 59.
No 12 work start.
NO 12 work has page: 40 41 42 43 44 45 46 47 48 49.
No 1 work finish.
No 2 work finish.
No 3 work finish.
No 4 work finish.
No 5 work finish.
No 12 work finish.
